Using pre-set license
Built from '2021.3/staging' branch; Version is '2021.3.3f1 (af2e63e8f9bd) revision 11480675'; Using compiler version '192829333'; Build Type 'Release'
OS: 'Windows 10  (10.0.19044) 64bit Professional' Language: 'en' Physical Memory: 16262 MB
BatchMode: 1, IsHumanControllingUs: 0, StartBugReporterOnCrash: 0, Is64bit: 1, IsPro: 1

COMMAND LINE ARGUMENTS:
D:\Unity Hub Editor\2021.3.3f1\Editor\Unity.exe
-adb2
-batchMode
-noUpm
-name
AssetImportWorker0
-projectPath
C:/Users/Phong/Desktop/Intern/Baia3
-logFile
Logs/AssetImportWorker0.log
-srvPort
55713
Successfully changed project path to: C:/Users/Phong/Desktop/Intern/Baia3
C:/Users/Phong/Desktop/Intern/Baia3
[UnityMemory] Configuration Parameters - Can be set up in boot.config
    "memorysetup-bucket-allocator-granularity=16"
    "memorysetup-bucket-allocator-bucket-count=8"
    "memorysetup-bucket-allocator-block-size=33554432"
    "memorysetup-bucket-allocator-block-count=8"
    "memorysetup-main-allocator-block-size=16777216"
    "memorysetup-thread-allocator-block-size=16777216"
    "memorysetup-gfx-main-allocator-block-size=16777216"
    "memorysetup-gfx-thread-allocator-block-size=16777216"
    "memorysetup-cache-allocator-block-size=4194304"
    "memorysetup-typetree-allocator-block-size=2097152"
    "memorysetup-profiler-bucket-allocator-granularity=16"
    "memorysetup-profiler-bucket-allocator-bucket-count=8"
    "memorysetup-profiler-bucket-allocator-block-size=33554432"
    "memorysetup-profiler-bucket-allocator-block-count=8"
    "memorysetup-profiler-allocator-block-size=16777216"
    "memorysetup-profiler-editor-allocator-block-size=1048576"
    "memorysetup-temp-allocator-size-main=16777216"
    "memorysetup-job-temp-allocator-block-size=2097152"
    "memorysetup-job-temp-allocator-block-size-background=1048576"
    "memorysetup-job-temp-allocator-reduction-small-platforms=262144"
    "memorysetup-temp-allocator-size-background-worker=32768"
    "memorysetup-temp-allocator-size-job-worker=262144"
    "memorysetup-temp-allocator-size-preload-manager=33554432"
    "memorysetup-temp-allocator-size-nav-mesh-worker=65536"
    "memorysetup-temp-allocator-size-audio-worker=65536"
    "memorysetup-temp-allocator-size-cloud-worker=32768"
    "memorysetup-temp-allocator-size-gi-baking-worker=262144"
    "memorysetup-temp-allocator-size-gfx=262144"
Refreshing native plugins compatible for Editor in 114.54 ms, found 4 plugins.
Preloading 0 native plugins for Editor in 0.00 ms.
Initialize engine version: 2021.3.3f1 (af2e63e8f9bd)
[Subsystems] Discovering subsystems at path D:/Unity Hub Editor/2021.3.3f1/Editor/Data/Resources/UnitySubsystems
[Subsystems] Discovering subsystems at path C:/Users/Phong/Desktop/Intern/Baia3/Assets
GfxDevice: creating device client; threaded=0; jobified=0
Direct3D:
    Version:  Direct3D 11.0 [level 11.1]
    Renderer: Intel(R) HD Graphics 4600 (ID=0x412)
    Vendor:   Intel
    VRAM:     2048 MB
    Driver:   20.19.15.4531
Initialize mono
Mono path[0] = 'D:/Unity Hub Editor/2021.3.3f1/Editor/Data/Managed'
Mono path[1] = 'D:/Unity Hub Editor/2021.3.3f1/Editor/Data/MonoBleedingEdge/lib/mono/unityjit-win32'
Mono config path = 'D:/Unity Hub Editor/2021.3.3f1/Editor/Data/MonoBleedingEdge/etc'
Using monoOptions --debugger-agent=transport=dt_socket,embedding=1,server=y,suspend=n,address=127.0.0.1:56144
Begin MonoManager ReloadAssembly
Registering precompiled unity dll's ...
Register platform support module: D:/Unity Hub Editor/2021.3.3f1/Editor/Data/PlaybackEngines/WebGLSupport/UnityEditor.WebGL.Extensions.dll
Register platform support module: D:/Unity Hub Editor/2021.3.3f1/Editor/Data/PlaybackEngines/AndroidPlayer/UnityEditor.Android.Extensions.dll
Register platform support module: D:/Unity Hub Editor/2021.3.3f1/Editor/Data/PlaybackEngines/iOSSupport/UnityEditor.iOS.Extensions.dll
Register platform support module: D:/Unity Hub Editor/2021.3.3f1/Editor/Data/PlaybackEngines/WindowsStandaloneSupport/UnityEditor.WindowsStandalone.Extensions.dll
Registered in 0.004512 seconds.
Native extension for WindowsStandalone target not found
[usbmuxd] Start listen thread
[usbmuxd] Listen thread started
Native extension for iOS target not found
Native extension for Android target not found
Native extension for WebGL target not found
Refreshing native plugins compatible for Editor in 124.87 ms, found 4 plugins.
Preloading 0 native plugins for Editor in 0.00 ms.
Mono: successfully reloaded assembly
- Completed reload, in  0.777 seconds
Domain Reload Profiling:
	ReloadAssembly (778ms)
		BeginReloadAssembly (73ms)
			ExecutionOrderSort (0ms)
			DisableScriptedObjects (0ms)
			BackupInstance (0ms)
			ReleaseScriptingObjects (0ms)
			CreateAndSetChildDomain (1ms)
		EndReloadAssembly (586ms)
			LoadAssemblies (73ms)
			RebuildTransferFunctionScriptingTraits (0ms)
			SetupTypeCache (121ms)
			ReleaseScriptCaches (0ms)
			RebuildScriptCaches (36ms)
			SetupLoadedEditorAssemblies (374ms)
				LogAssemblyErrors (0ms)
				InitializePlatformSupportModulesInManaged (65ms)
				SetLoadedEditorAssemblies (0ms)
				RefreshPlugins (125ms)
				BeforeProcessingInitializeOnLoad (2ms)
				ProcessInitializeOnLoadAttributes (124ms)
				ProcessInitializeOnLoadMethodAttributes (59ms)
				AfterProcessingInitializeOnLoad (0ms)
				EditorAssembliesLoaded (0ms)
			ExecutionOrderSort2 (0ms)
			AwakeInstancesAfterBackupRestoration (0ms)
Platform modules already initialized, skipping
Registering precompiled user dll's ...
Registered in 0.008261 seconds.
Begin MonoManager ReloadAssembly
Symbol file LoadedFromMemory doesn't match image C:\Users\Phong\Desktop\Intern\Baia3\Library\PackageCache\com.unity.visualscripting@1.7.6\Editor\VisualScripting.Core\Dependencies\YamlDotNet\Unity.VisualScripting.YamlDotNet.dll
Symbol file LoadedFromMemory doesn't match image C:\Users\Phong\Desktop\Intern\Baia3\Library\PackageCache\com.unity.visualscripting@1.7.6\Editor\VisualScripting.Core\Dependencies\DotNetZip\Unity.VisualScripting.IonicZip.dll
Native extension for WindowsStandalone target not found
Native extension for iOS target not found
Native extension for Android target not found
Native extension for WebGL target not found
Refreshing native plugins compatible for Editor in 109.52 ms, found 4 plugins.
Preloading 0 native plugins for Editor in 0.00 ms.
Mono: successfully reloaded assembly
- Completed reload, in  1.368 seconds
Domain Reload Profiling:
	ReloadAssembly (1369ms)
		BeginReloadAssembly (116ms)
			ExecutionOrderSort (0ms)
			DisableScriptedObjects (7ms)
			BackupInstance (0ms)
			ReleaseScriptingObjects (0ms)
			CreateAndSetChildDomain (24ms)
		EndReloadAssembly (1123ms)
			LoadAssemblies (87ms)
			RebuildTransferFunctionScriptingTraits (0ms)
			SetupTypeCache (299ms)
			ReleaseScriptCaches (1ms)
			RebuildScriptCaches (64ms)
			SetupLoadedEditorAssemblies (581ms)
				LogAssemblyErrors (0ms)
				InitializePlatformSupportModulesInManaged (30ms)
				SetLoadedEditorAssemblies (0ms)
				RefreshPlugins (110ms)
				BeforeProcessingInitializeOnLoad (116ms)
				ProcessInitializeOnLoadAttributes (273ms)
				ProcessInitializeOnLoadMethodAttributes (49ms)
				AfterProcessingInitializeOnLoad (3ms)
				EditorAssembliesLoaded (0ms)
			ExecutionOrderSort2 (0ms)
			AwakeInstancesAfterBackupRestoration (6ms)
Platform modules already initialized, skipping
========================================================================
Worker process is ready to serve import requests
Launched and connected shader compiler UnityShaderCompiler.exe after 0.06 seconds
Refreshing native plugins compatible for Editor in 1.61 ms, found 4 plugins.
Preloading 0 native plugins for Editor in 0.00 ms.
Unloading 4050 Unused Serialized files (Serialized files now loaded: 0)
Unloading 44 unused Assets / (226.7 KB). Loaded Objects now: 4502.
Memory consumption went from 150.8 MB to 150.6 MB.
Total: 5.899100 ms (FindLiveObjects: 0.436300 ms CreateObjectMapping: 0.478600 ms MarkObjects: 4.730900 ms  DeleteObjects: 0.251800 ms)

AssetImportParameters requested are different than current active one (requested -> active):
  custom:video-decoder-ogg-theora: a1e56fd34408186e4bbccfd4996cb3dc -> 
  custom:container-muxer-webm: aa71ff27fc2769a1b78a27578f13a17b -> 
  custom:container-demuxer-webm: 4f35f7cbe854078d1ac9338744f61a02 -> 
  custom:video-encoder-webm-vp8: eb34c28f22e8b96e1ab97ce403110664 -> 
  custom:audio-encoder-webm-vorbis: bf7c407c2cedff20999df2af8eb42d56 -> 
  custom:framework-win-MediaFoundation: 216162199b28c13a410421893ffa2e32 -> 
  custom:container-demuxer-ogg: 62fdf1f143b41e24485cea50d1cbac27 -> 
  custom:video-decoder-webm-vp8: 9c59270c3fd7afecdb556c50c9e8de78 -> 
  custom:audio-decoder-ogg-vorbis: bf7c407c2cedff20999df2af8eb42d56 -> 
========================================================================
Received Prepare
Registering precompiled user dll's ...
Registered in 0.008941 seconds.
Begin MonoManager ReloadAssembly
Symbol file LoadedFromMemory doesn't match image C:\Users\Phong\Desktop\Intern\Baia3\Library\PackageCache\com.unity.visualscripting@1.7.6\Editor\VisualScripting.Core\Dependencies\YamlDotNet\Unity.VisualScripting.YamlDotNet.dll
Symbol file LoadedFromMemory doesn't match image C:\Users\Phong\Desktop\Intern\Baia3\Library\PackageCache\com.unity.visualscripting@1.7.6\Editor\VisualScripting.Core\Dependencies\DotNetZip\Unity.VisualScripting.IonicZip.dll
Native extension for WindowsStandalone target not found
Native extension for iOS target not found
Native extension for Android target not found
Native extension for WebGL target not found
Refreshing native plugins compatible for Editor in 0.83 ms, found 4 plugins.
Preloading 0 native plugins for Editor in 0.00 ms.
Mono: successfully reloaded assembly
- Completed reload, in  1.177 seconds
Domain Reload Profiling:
	ReloadAssembly (1178ms)
		BeginReloadAssembly (191ms)
			ExecutionOrderSort (0ms)
			DisableScriptedObjects (12ms)
			BackupInstance (0ms)
			ReleaseScriptingObjects (0ms)
			CreateAndSetChildDomain (58ms)
		EndReloadAssembly (845ms)
			LoadAssemblies (144ms)
			RebuildTransferFunctionScriptingTraits (0ms)
			SetupTypeCache (261ms)
			ReleaseScriptCaches (1ms)
			RebuildScriptCaches (53ms)
			SetupLoadedEditorAssemblies (361ms)
				LogAssemblyErrors (0ms)
				InitializePlatformSupportModulesInManaged (31ms)
				SetLoadedEditorAssemblies (0ms)
				RefreshPlugins (1ms)
				BeforeProcessingInitializeOnLoad (80ms)
				ProcessInitializeOnLoadAttributes (205ms)
				ProcessInitializeOnLoadMethodAttributes (41ms)
				AfterProcessingInitializeOnLoad (3ms)
				EditorAssembliesLoaded (0ms)
			ExecutionOrderSort2 (0ms)
			AwakeInstancesAfterBackupRestoration (9ms)
Platform modules already initialized, skipping
Refreshing native plugins compatible for Editor in 5.54 ms, found 4 plugins.
Preloading 0 native plugins for Editor in 0.00 ms.
Unloading 4044 Unused Serialized files (Serialized files now loaded: 0)
Unloading 30 unused Assets / (192.8 KB). Loaded Objects now: 4505.
Memory consumption went from 150.8 MB to 150.6 MB.
Total: 3.833300 ms (FindLiveObjects: 0.323600 ms CreateObjectMapping: 0.292600 ms MarkObjects: 3.066200 ms  DeleteObjects: 0.149900 ms)

AssetImportParameters requested are different than current active one (requested -> active):
  custom:video-decoder-ogg-theora: a1e56fd34408186e4bbccfd4996cb3dc -> 
  custom:container-muxer-webm: aa71ff27fc2769a1b78a27578f13a17b -> 
  custom:container-demuxer-webm: 4f35f7cbe854078d1ac9338744f61a02 -> 
  custom:video-encoder-webm-vp8: eb34c28f22e8b96e1ab97ce403110664 -> 
  custom:audio-encoder-webm-vorbis: bf7c407c2cedff20999df2af8eb42d56 -> 
  custom:framework-win-MediaFoundation: 216162199b28c13a410421893ffa2e32 -> 
  custom:container-demuxer-ogg: 62fdf1f143b41e24485cea50d1cbac27 -> 
  custom:video-decoder-webm-vp8: 9c59270c3fd7afecdb556c50c9e8de78 -> 
  custom:audio-decoder-ogg-vorbis: bf7c407c2cedff20999df2af8eb42d56 -> 
========================================================================
Received Import Request.
  Time since last request: 788299.172670 seconds.
  path: Assets/_Animation/On (38x38)_0.controller
  artifactKey: Guid(44ac650bee7bc724ab13d7e66ca4b41d) Importer(815301076,1909f56bfc062723c751e8b465ee728b)
Start importing Assets/_Animation/On (38x38)_0.controller using Guid(44ac650bee7bc724ab13d7e66ca4b41d) Importer(815301076,1909f56bfc062723c751e8b465ee728b)  -> (artifact id: '45bf37fd8a6f9da87c985ac31b5db2bd') in 0.043764 seconds 
========================================================================
Received Import Request.
  Time since last request: 129.573059 seconds.
  path: Assets/_Script/ExplosionForce.cs
  artifactKey: Guid(a080493f1fdcf2046be64634c9d0079c) Importer(815301076,1909f56bfc062723c751e8b465ee728b)
Start importing Assets/_Script/ExplosionForce.cs using Guid(a080493f1fdcf2046be64634c9d0079c) Importer(815301076,1909f56bfc062723c751e8b465ee728b)  -> (artifact id: '6689d88789411a324272d9d82f478b44') in 0.005691 seconds 
========================================================================
Received Import Request.
  Time since last request: 0.765209 seconds.
  path: Assets/_Script/ExplodeOnClick.cs
  artifactKey: Guid(2f79cd3563be4744e870f57ffa915112) Importer(815301076,1909f56bfc062723c751e8b465ee728b)
Start importing Assets/_Script/ExplodeOnClick.cs using Guid(2f79cd3563be4744e870f57ffa915112) Importer(815301076,1909f56bfc062723c751e8b465ee728b)  -> (artifact id: '423959b9e6c3559f88dd9b5c5790d146') in 0.007178 seconds 
========================================================================
Received Import Request.
  Time since last request: 0.314262 seconds.
  path: Assets/_Script/ExplodableFragments.cs
  artifactKey: Guid(34612351416a5474fb678b573cd00e50) Importer(815301076,1909f56bfc062723c751e8b465ee728b)
Start importing Assets/_Script/ExplodableFragments.cs using Guid(34612351416a5474fb678b573cd00e50) Importer(815301076,1909f56bfc062723c751e8b465ee728b)  -> (artifact id: '398c738b72ae7e19a9ef66b853eb74ed') in 0.004664 seconds 
========================================================================
Received Import Request.
  Time since last request: 10.217583 seconds.
  path: Assets/_Script/Explode.cs
  artifactKey: Guid(2f79cd3563be4744e870f57ffa915112) Importer(815301076,1909f56bfc062723c751e8b465ee728b)
Start importing Assets/_Script/Explode.cs using Guid(2f79cd3563be4744e870f57ffa915112) Importer(815301076,1909f56bfc062723c751e8b465ee728b)  -> (artifact id: '4bdcf4a5dcb0aeb514dad2bac31707aa') in 0.008669 seconds 
========================================================================
Received Import Request.
  Time since last request: 14.052161 seconds.
  path: Assets/_Script/ExplodableFragments.cs
  artifactKey: Guid(34612351416a5474fb678b573cd00e50) Importer(815301076,1909f56bfc062723c751e8b465ee728b)
Start importing Assets/_Script/ExplodableFragments.cs using Guid(34612351416a5474fb678b573cd00e50) Importer(815301076,1909f56bfc062723c751e8b465ee728b)  -> (artifact id: 'c5d3f442a7b4ca2cd08bee5c8da9ff5b') in 0.002669 seconds 
========================================================================
Received Import Request.
  Time since last request: 54.203429 seconds.
  path: Assets/_Script/Explode.cs
  artifactKey: Guid(2f79cd3563be4744e870f57ffa915112) Importer(815301076,1909f56bfc062723c751e8b465ee728b)
Start importing Assets/_Script/Explode.cs using Guid(2f79cd3563be4744e870f57ffa915112) Importer(815301076,1909f56bfc062723c751e8b465ee728b)  -> (artifact id: '714995ba00eb2e27b1dffb348baf74ef') in 0.003082 seconds 
========================================================================
Received Import Request.
  Time since last request: 32.782611 seconds.
  path: Assets/_Script/ExplodeOnClick.cs
  artifactKey: Guid(2f79cd3563be4744e870f57ffa915112) Importer(815301076,1909f56bfc062723c751e8b465ee728b)
Start importing Assets/_Script/ExplodeOnClick.cs using Guid(2f79cd3563be4744e870f57ffa915112) Importer(815301076,1909f56bfc062723c751e8b465ee728b)  -> (artifact id: '47c95778cd4b5fb490490838f27ebbcd') in 0.002529 seconds 
========================================================================
Received Prepare
Registering precompiled user dll's ...
Registered in 0.007722 seconds.
Begin MonoManager ReloadAssembly
Symbol file LoadedFromMemory doesn't match image C:\Users\Phong\Desktop\Intern\Baia3\Library\PackageCache\com.unity.visualscripting@1.7.6\Editor\VisualScripting.Core\Dependencies\YamlDotNet\Unity.VisualScripting.YamlDotNet.dll
Symbol file LoadedFromMemory doesn't match image C:\Users\Phong\Desktop\Intern\Baia3\Library\PackageCache\com.unity.visualscripting@1.7.6\Editor\VisualScripting.Core\Dependencies\DotNetZip\Unity.VisualScripting.IonicZip.dll
Native extension for WindowsStandalone target not found
Native extension for iOS target not found
Native extension for Android target not found
Native extension for WebGL target not found
Refreshing native plugins compatible for Editor in 1.73 ms, found 4 plugins.
Preloading 0 native plugins for Editor in 0.00 ms.
Mono: successfully reloaded assembly
- Completed reload, in  1.963 seconds
Domain Reload Profiling:
	ReloadAssembly (1964ms)
		BeginReloadAssembly (252ms)
			ExecutionOrderSort (0ms)
			DisableScriptedObjects (8ms)
			BackupInstance (0ms)
			ReleaseScriptingObjects (0ms)
			CreateAndSetChildDomain (48ms)
		EndReloadAssembly (1577ms)
			LoadAssemblies (203ms)
			RebuildTransferFunctionScriptingTraits (0ms)
			SetupTypeCache (711ms)
			ReleaseScriptCaches (2ms)
			RebuildScriptCaches (51ms)
			SetupLoadedEditorAssemblies (639ms)
				LogAssemblyErrors (0ms)
				InitializePlatformSupportModulesInManaged (36ms)
				SetLoadedEditorAssemblies (1ms)
				RefreshPlugins (2ms)
				BeforeProcessingInitializeOnLoad (158ms)
				ProcessInitializeOnLoadAttributes (383ms)
				ProcessInitializeOnLoadMethodAttributes (55ms)
				AfterProcessingInitializeOnLoad (4ms)
				EditorAssembliesLoaded (0ms)
			ExecutionOrderSort2 (0ms)
			AwakeInstancesAfterBackupRestoration (12ms)
Platform modules already initialized, skipping
Refreshing native plugins compatible for Editor in 3.00 ms, found 4 plugins.
Preloading 0 native plugins for Editor in 0.00 ms.
Unloading 4044 Unused Serialized files (Serialized files now loaded: 0)
Unloading 30 unused Assets / (192.8 KB). Loaded Objects now: 4508.
Memory consumption went from 150.8 MB to 150.6 MB.
Total: 4.611200 ms (FindLiveObjects: 0.370900 ms CreateObjectMapping: 0.327600 ms MarkObjects: 3.739000 ms  DeleteObjects: 0.172500 ms)

AssetImportParameters requested are different than current active one (requested -> active):
  custom:video-decoder-ogg-theora: a1e56fd34408186e4bbccfd4996cb3dc -> 
  custom:container-muxer-webm: aa71ff27fc2769a1b78a27578f13a17b -> 
  custom:container-demuxer-webm: 4f35f7cbe854078d1ac9338744f61a02 -> 
  custom:video-encoder-webm-vp8: eb34c28f22e8b96e1ab97ce403110664 -> 
  custom:audio-encoder-webm-vorbis: bf7c407c2cedff20999df2af8eb42d56 -> 
  custom:framework-win-MediaFoundation: 216162199b28c13a410421893ffa2e32 -> 
  custom:container-demuxer-ogg: 62fdf1f143b41e24485cea50d1cbac27 -> 
  custom:video-decoder-webm-vp8: 9c59270c3fd7afecdb556c50c9e8de78 -> 
  custom:audio-decoder-ogg-vorbis: bf7c407c2cedff20999df2af8eb42d56 -> 
========================================================================
Received Prepare
Registering precompiled user dll's ...
Registered in 0.008772 seconds.
Begin MonoManager ReloadAssembly
Symbol file LoadedFromMemory doesn't match image C:\Users\Phong\Desktop\Intern\Baia3\Library\PackageCache\com.unity.visualscripting@1.7.6\Editor\VisualScripting.Core\Dependencies\YamlDotNet\Unity.VisualScripting.YamlDotNet.dll
Symbol file LoadedFromMemory doesn't match image C:\Users\Phong\Desktop\Intern\Baia3\Library\PackageCache\com.unity.visualscripting@1.7.6\Editor\VisualScripting.Core\Dependencies\DotNetZip\Unity.VisualScripting.IonicZip.dll
Native extension for WindowsStandalone target not found
Native extension for iOS target not found
Native extension for Android target not found
Native extension for WebGL target not found
Refreshing native plugins compatible for Editor in 1.48 ms, found 4 plugins.
Preloading 0 native plugins for Editor in 0.00 ms.
Mono: successfully reloaded assembly
- Completed reload, in  1.477 seconds
Domain Reload Profiling:
	ReloadAssembly (1478ms)
		BeginReloadAssembly (150ms)
			ExecutionOrderSort (0ms)
			DisableScriptedObjects (8ms)
			BackupInstance (0ms)
			ReleaseScriptingObjects (0ms)
			CreateAndSetChildDomain (49ms)
		EndReloadAssembly (1226ms)
			LoadAssemblies (98ms)
			RebuildTransferFunctionScriptingTraits (0ms)
			SetupTypeCache (410ms)
			ReleaseScriptCaches (2ms)
			RebuildScriptCaches (81ms)
			SetupLoadedEditorAssemblies (529ms)
				LogAssemblyErrors (0ms)
				InitializePlatformSupportModulesInManaged (48ms)
				SetLoadedEditorAssemblies (1ms)
				RefreshPlugins (2ms)
				BeforeProcessingInitializeOnLoad (112ms)
				ProcessInitializeOnLoadAttributes (304ms)
				ProcessInitializeOnLoadMethodAttributes (59ms)
				AfterProcessingInitializeOnLoad (4ms)
				EditorAssembliesLoaded (0ms)
			ExecutionOrderSort2 (0ms)
			AwakeInstancesAfterBackupRestoration (15ms)
Platform modules already initialized, skipping
Refreshing native plugins compatible for Editor in 4.84 ms, found 4 plugins.
Preloading 0 native plugins for Editor in 0.00 ms.
Unloading 4044 Unused Serialized files (Serialized files now loaded: 0)
Unloading 30 unused Assets / (192.8 KB). Loaded Objects now: 4511.
Memory consumption went from 150.8 MB to 150.6 MB.
Total: 4.173900 ms (FindLiveObjects: 0.355300 ms CreateObjectMapping: 0.128500 ms MarkObjects: 3.409300 ms  DeleteObjects: 0.279600 ms)

AssetImportParameters requested are different than current active one (requested -> active):
  custom:video-decoder-ogg-theora: a1e56fd34408186e4bbccfd4996cb3dc -> 
  custom:container-muxer-webm: aa71ff27fc2769a1b78a27578f13a17b -> 
  custom:container-demuxer-webm: 4f35f7cbe854078d1ac9338744f61a02 -> 
  custom:video-encoder-webm-vp8: eb34c28f22e8b96e1ab97ce403110664 -> 
  custom:audio-encoder-webm-vorbis: bf7c407c2cedff20999df2af8eb42d56 -> 
  custom:framework-win-MediaFoundation: 216162199b28c13a410421893ffa2e32 -> 
  custom:container-demuxer-ogg: 62fdf1f143b41e24485cea50d1cbac27 -> 
  custom:video-decoder-webm-vp8: 9c59270c3fd7afecdb556c50c9e8de78 -> 
  custom:audio-decoder-ogg-vorbis: bf7c407c2cedff20999df2af8eb42d56 -> 
========================================================================
Received Prepare
Registering precompiled user dll's ...
Registered in 0.007458 seconds.
Begin MonoManager ReloadAssembly
Symbol file LoadedFromMemory doesn't match image C:\Users\Phong\Desktop\Intern\Baia3\Library\PackageCache\com.unity.visualscripting@1.7.6\Editor\VisualScripting.Core\Dependencies\YamlDotNet\Unity.VisualScripting.YamlDotNet.dll
Symbol file LoadedFromMemory doesn't match image C:\Users\Phong\Desktop\Intern\Baia3\Library\PackageCache\com.unity.visualscripting@1.7.6\Editor\VisualScripting.Core\Dependencies\DotNetZip\Unity.VisualScripting.IonicZip.dll
Native extension for WindowsStandalone target not found
Native extension for iOS target not found
Native extension for Android target not found
Native extension for WebGL target not found
Refreshing native plugins compatible for Editor in 1.21 ms, found 4 plugins.
Preloading 0 native plugins for Editor in 0.00 ms.
Mono: successfully reloaded assembly
- Completed reload, in  1.399 seconds
Domain Reload Profiling:
	ReloadAssembly (1400ms)
		BeginReloadAssembly (142ms)
			ExecutionOrderSort (0ms)
			DisableScriptedObjects (7ms)
			BackupInstance (0ms)
			ReleaseScriptingObjects (0ms)
			CreateAndSetChildDomain (45ms)
		EndReloadAssembly (1157ms)
			LoadAssemblies (92ms)
			RebuildTransferFunctionScriptingTraits (0ms)
			SetupTypeCache (380ms)
			ReleaseScriptCaches (2ms)
			RebuildScriptCaches (72ms)
			SetupLoadedEditorAssemblies (522ms)
				LogAssemblyErrors (0ms)
				InitializePlatformSupportModulesInManaged (47ms)
				SetLoadedEditorAssemblies (1ms)
				RefreshPlugins (1ms)
				BeforeProcessingInitializeOnLoad (110ms)
				ProcessInitializeOnLoadAttributes (298ms)
				ProcessInitializeOnLoadMethodAttributes (61ms)
				AfterProcessingInitializeOnLoad (4ms)
				EditorAssembliesLoaded (0ms)
			ExecutionOrderSort2 (0ms)
			AwakeInstancesAfterBackupRestoration (11ms)
Platform modules already initialized, skipping
Refreshing native plugins compatible for Editor in 8.18 ms, found 4 plugins.
Preloading 0 native plugins for Editor in 0.00 ms.
Unloading 4044 Unused Serialized files (Serialized files now loaded: 0)
Unloading 30 unused Assets / (192.8 KB). Loaded Objects now: 4514.
Memory consumption went from 150.8 MB to 150.6 MB.
Total: 5.291100 ms (FindLiveObjects: 0.438300 ms CreateObjectMapping: 0.511100 ms MarkObjects: 4.004100 ms  DeleteObjects: 0.336000 ms)

AssetImportParameters requested are different than current active one (requested -> active):
  custom:video-decoder-ogg-theora: a1e56fd34408186e4bbccfd4996cb3dc -> 
  custom:container-muxer-webm: aa71ff27fc2769a1b78a27578f13a17b -> 
  custom:container-demuxer-webm: 4f35f7cbe854078d1ac9338744f61a02 -> 
  custom:video-encoder-webm-vp8: eb34c28f22e8b96e1ab97ce403110664 -> 
  custom:audio-encoder-webm-vorbis: bf7c407c2cedff20999df2af8eb42d56 -> 
  custom:framework-win-MediaFoundation: 216162199b28c13a410421893ffa2e32 -> 
  custom:container-demuxer-ogg: 62fdf1f143b41e24485cea50d1cbac27 -> 
  custom:video-decoder-webm-vp8: 9c59270c3fd7afecdb556c50c9e8de78 -> 
  custom:audio-decoder-ogg-vorbis: bf7c407c2cedff20999df2af8eb42d56 -> 
========================================================================
Received Import Request.
  Time since last request: 143.120213 seconds.
  path: Assets/_Material/shortRock.prefab
  artifactKey: Guid(c69f920c9d84bb440bae1619fe44a3e2) Importer(815301076,1909f56bfc062723c751e8b465ee728b)
Start importing Assets/_Material/shortRock.prefab using Guid(c69f920c9d84bb440bae1619fe44a3e2) Importer(815301076,1909f56bfc062723c751e8b465ee728b)  -> (artifact id: '4d2b95e1db095b727bbfc73c91a87284') in 0.051735 seconds 
========================================================================
Received Import Request.
  Time since last request: 0.000031 seconds.
  path: Assets/_Material/tree.prefab
  artifactKey: Guid(7929b5dfa77cf2b4ea69941e5afa2ef6) Importer(815301076,1909f56bfc062723c751e8b465ee728b)
Start importing Assets/_Material/tree.prefab using Guid(7929b5dfa77cf2b4ea69941e5afa2ef6) Importer(815301076,1909f56bfc062723c751e8b465ee728b)  -> (artifact id: '37ba7f43d65fd6554879abeb14a2d88f') in 0.013996 seconds 
========================================================================
Received Import Request.
  Time since last request: 63.563828 seconds.
  path: Assets/_TaiLieu/shortRock.png
  artifactKey: Guid(a84bb59f97767d844bf34f48bb3690f7) Importer(815301076,1909f56bfc062723c751e8b465ee728b)
Start importing Assets/_TaiLieu/shortRock.png using Guid(a84bb59f97767d844bf34f48bb3690f7) Importer(815301076,1909f56bfc062723c751e8b465ee728b)  -> (artifact id: '8bc2929b523a26535f90d270f5f675e8') in 0.085040 seconds 
========================================================================
Received Import Request.
  Time since last request: 0.151466 seconds.
  path: Assets/_TaiLieu/tallRock.png
  artifactKey: Guid(66139ae411df7874585bcbd9099e016d) Importer(815301076,1909f56bfc062723c751e8b465ee728b)
Start importing Assets/_TaiLieu/tallRock.png using Guid(66139ae411df7874585bcbd9099e016d) Importer(815301076,1909f56bfc062723c751e8b465ee728b)  -> (artifact id: '3a8caf40bb767c72426b80037f0f4095') in 0.033509 seconds 
========================================================================
Received Import Request.
  Time since last request: 7436.252192 seconds.
  path: Assets/_Script/Explodable.cs
  artifactKey: Guid(e124488dc2fa9ce458788cb875005d94) Importer(815301076,1909f56bfc062723c751e8b465ee728b)
Start importing Assets/_Script/Explodable.cs using Guid(e124488dc2fa9ce458788cb875005d94) Importer(815301076,1909f56bfc062723c751e8b465ee728b)  -> (artifact id: '5bca3e7630ce6df74c8111d77d48c51c') in 0.003502 seconds 
========================================================================
Received Prepare
Registering precompiled user dll's ...
Registered in 0.010387 seconds.
Begin MonoManager ReloadAssembly
Symbol file LoadedFromMemory doesn't match image C:\Users\Phong\Desktop\Intern\Baia3\Library\PackageCache\com.unity.visualscripting@1.7.6\Editor\VisualScripting.Core\Dependencies\YamlDotNet\Unity.VisualScripting.YamlDotNet.dll
Symbol file LoadedFromMemory doesn't match image C:\Users\Phong\Desktop\Intern\Baia3\Library\PackageCache\com.unity.visualscripting@1.7.6\Editor\VisualScripting.Core\Dependencies\DotNetZip\Unity.VisualScripting.IonicZip.dll
Native extension for WindowsStandalone target not found
Native extension for iOS target not found
Native extension for Android target not found
Native extension for WebGL target not found
Refreshing native plugins compatible for Editor in 0.82 ms, found 4 plugins.
Preloading 0 native plugins for Editor in 0.00 ms.
Mono: successfully reloaded assembly
- Completed reload, in  1.322 seconds
Domain Reload Profiling:
	ReloadAssembly (1323ms)
		BeginReloadAssembly (172ms)
			ExecutionOrderSort (0ms)
			DisableScriptedObjects (7ms)
			BackupInstance (0ms)
			ReleaseScriptingObjects (0ms)
			CreateAndSetChildDomain (49ms)
		EndReloadAssembly (1032ms)
			LoadAssemblies (118ms)
			RebuildTransferFunctionScriptingTraits (0ms)
			SetupTypeCache (445ms)
			ReleaseScriptCaches (2ms)
			RebuildScriptCaches (52ms)
			SetupLoadedEditorAssemblies (374ms)
				LogAssemblyErrors (0ms)
				InitializePlatformSupportModulesInManaged (31ms)
				SetLoadedEditorAssemblies (1ms)
				RefreshPlugins (1ms)
				BeforeProcessingInitializeOnLoad (81ms)
				ProcessInitializeOnLoadAttributes (219ms)
				ProcessInitializeOnLoadMethodAttributes (39ms)
				AfterProcessingInitializeOnLoad (3ms)
				EditorAssembliesLoaded (0ms)
			ExecutionOrderSort2 (0ms)
			AwakeInstancesAfterBackupRestoration (9ms)
Platform modules already initialized, skipping
Refreshing native plugins compatible for Editor in 5.50 ms, found 4 plugins.
Preloading 0 native plugins for Editor in 0.00 ms.
Unloading 4045 Unused Serialized files (Serialized files now loaded: 0)
Unloading 30 unused Assets / (193.8 KB). Loaded Objects now: 4527.
Memory consumption went from 155.2 MB to 155.0 MB.
Total: 8.261500 ms (FindLiveObjects: 0.806000 ms CreateObjectMapping: 0.209900 ms MarkObjects: 6.847500 ms  DeleteObjects: 0.396300 ms)

AssetImportParameters requested are different than current active one (requested -> active):
  custom:video-decoder-ogg-theora: a1e56fd34408186e4bbccfd4996cb3dc -> 
  custom:container-muxer-webm: aa71ff27fc2769a1b78a27578f13a17b -> 
  custom:container-demuxer-webm: 4f35f7cbe854078d1ac9338744f61a02 -> 
  custom:video-encoder-webm-vp8: eb34c28f22e8b96e1ab97ce403110664 -> 
  custom:audio-encoder-webm-vorbis: bf7c407c2cedff20999df2af8eb42d56 -> 
  custom:framework-win-MediaFoundation: 216162199b28c13a410421893ffa2e32 -> 
  custom:container-demuxer-ogg: 62fdf1f143b41e24485cea50d1cbac27 -> 
  custom:video-decoder-webm-vp8: 9c59270c3fd7afecdb556c50c9e8de78 -> 
  custom:audio-decoder-ogg-vorbis: bf7c407c2cedff20999df2af8eb42d56 -> 
========================================================================
Received Import Request.
  Time since last request: 608.459619 seconds.
  path: Assets/_Script/SpriteExploder.cs
  artifactKey: Guid(8627e0f11ef7002449ea6e43e969d7dd) Importer(815301076,1909f56bfc062723c751e8b465ee728b)
Start importing Assets/_Script/SpriteExploder.cs using Guid(8627e0f11ef7002449ea6e43e969d7dd) Importer(815301076,1909f56bfc062723c751e8b465ee728b)  -> (artifact id: 'b35a3c31242f2e9a3ca9bae1af2f454c') in 0.018248 seconds 
========================================================================
Received Import Request.
  Time since last request: 11.578541 seconds.
  path: Assets/_Script/SpriteExploder.cs
  artifactKey: Guid(8627e0f11ef7002449ea6e43e969d7dd) Importer(815301076,1909f56bfc062723c751e8b465ee728b)
Start importing Assets/_Script/SpriteExploder.cs using Guid(8627e0f11ef7002449ea6e43e969d7dd) Importer(815301076,1909f56bfc062723c751e8b465ee728b)  -> (artifact id: '8af697b8fb38506918b00f9ed577891b') in 0.002796 seconds 
========================================================================
Received Import Request.
  Time since last request: 21.019289 seconds.
  path: Assets/_Script/ExplodableAddon.cs
  artifactKey: Guid(6d31e69b94862a64881a3a37b8623136) Importer(815301076,1909f56bfc062723c751e8b465ee728b)
Start importing Assets/_Script/ExplodableAddon.cs using Guid(6d31e69b94862a64881a3a37b8623136) Importer(815301076,1909f56bfc062723c751e8b465ee728b)  -> (artifact id: '51c47b76706ba2d5093db9a5288b69cb') in 0.007833 seconds 
========================================================================
Received Import Request.
  Time since last request: 10.422518 seconds.
  path: Assets/_Script/ExplodableAddon.cs
  artifactKey: Guid(6d31e69b94862a64881a3a37b8623136) Importer(815301076,1909f56bfc062723c751e8b465ee728b)
Start importing Assets/_Script/ExplodableAddon.cs using Guid(6d31e69b94862a64881a3a37b8623136) Importer(815301076,1909f56bfc062723c751e8b465ee728b)  -> (artifact id: 'abe28c5e9eb91de1014f5c37f1c699ec') in 0.002857 seconds 
========================================================================
Received Import Request.
  Time since last request: 15.717635 seconds.
  path: Assets/_Script/ClipperHelper.cs
  artifactKey: Guid(68dcd12462037bc47b68145d1066321c) Importer(815301076,1909f56bfc062723c751e8b465ee728b)
Start importing Assets/_Script/ClipperHelper.cs using Guid(68dcd12462037bc47b68145d1066321c) Importer(815301076,1909f56bfc062723c751e8b465ee728b)  -> (artifact id: '730727db7834a5d4318927aebdb11119') in 0.003126 seconds 
========================================================================
Received Import Request.
  Time since last request: 31.241287 seconds.
  path: Assets/_Script/ClipperHelper.cs
  artifactKey: Guid(68dcd12462037bc47b68145d1066321c) Importer(815301076,1909f56bfc062723c751e8b465ee728b)
Start importing Assets/_Script/ClipperHelper.cs using Guid(68dcd12462037bc47b68145d1066321c) Importer(815301076,1909f56bfc062723c751e8b465ee728b)  -> (artifact id: 'f992b87328f9243f0136ea92bfd3df23') in 0.002307 seconds 
========================================================================
Received Import Request.
  Time since last request: 8.738324 seconds.
  path: Assets/_Script/Explodable.cs
  artifactKey: Guid(e124488dc2fa9ce458788cb875005d94) Importer(815301076,1909f56bfc062723c751e8b465ee728b)
Start importing Assets/_Script/Explodable.cs using Guid(e124488dc2fa9ce458788cb875005d94) Importer(815301076,1909f56bfc062723c751e8b465ee728b)  -> (artifact id: 'abb874bea8a35f63321af3d0b97c7a42') in 0.007246 seconds 
========================================================================
Received Import Request.
  Time since last request: 33.099749 seconds.
  path: Assets/_Script/ExplodableEditor.cs
  artifactKey: Guid(77703b047c802304aa2b8f9c8482e002) Importer(815301076,1909f56bfc062723c751e8b465ee728b)
Start importing Assets/_Script/ExplodableEditor.cs using Guid(77703b047c802304aa2b8f9c8482e002) Importer(815301076,1909f56bfc062723c751e8b465ee728b)  -> (artifact id: 'c376ae227267c9b22ecb2f50219d280e') in 0.003112 seconds 
========================================================================
Received Import Request.
  Time since last request: 12.891255 seconds.
  path: Assets/_Script/ExplodableEditor.cs
  artifactKey: Guid(77703b047c802304aa2b8f9c8482e002) Importer(815301076,1909f56bfc062723c751e8b465ee728b)
Start importing Assets/_Script/ExplodableEditor.cs using Guid(77703b047c802304aa2b8f9c8482e002) Importer(815301076,1909f56bfc062723c751e8b465ee728b)  -> (artifact id: 'd931261473ad89b13f3b0d72dd8ff06c') in 0.002423 seconds 
========================================================================
Received Import Request.
  Time since last request: 31.557855 seconds.
  path: Assets/_Script/move.cs
  artifactKey: Guid(c541cbc834e7686499672f62636b2c6d) Importer(815301076,1909f56bfc062723c751e8b465ee728b)
Start importing Assets/_Script/move.cs using Guid(c541cbc834e7686499672f62636b2c6d) Importer(815301076,1909f56bfc062723c751e8b465ee728b)  -> (artifact id: 'df9c8ed0812d085df682a14e7a1a9646') in 0.006146 seconds 
